<?xml version="1.0" encoding="UTF-8"?>
<!-- Generated by org.testng.reporters.JUnitReportReporter -->
<testsuite hostname="DESKTOP-GTEVIFT" failures="0" tests="1" name="interview_scenarios.Amazon_output_print_into_excel" time="85.411" errors="0" timestamp="2023-10-31T15:09:03 IST" skipped="0">
  <testcase classname="interview_scenarios.Amazon_output_print_into_excel" name="Test" time="85.411"/>
</testsuite> <!-- interview_scenarios.Amazon_output_print_into_excel -->
