<?xml version="1.0" encoding="UTF-8"?>
<!-- Generated by org.testng.reporters.JUnitReportReporter -->
<testsuite hostname="DESKTOP-GTEVIFT" failures="0" tests="1" name="popups_Practice.NotificationPopup" time="13.978" errors="0" timestamp="2023-11-21T17:01:35 IST" skipped="0">
  <testcase classname="popups_Practice.NotificationPopup" name="NotificationPopupWithExceptions" time="13.978">
    <system-out>
      <![CDATA[popup is handled]]>
    </system-out>
  </testcase> <!-- NotificationPopupWithExceptions -->
  <system-out>
    <![CDATA[popup is handled]]>
  </system-out>
</testsuite> <!-- popups_Practice.NotificationPopup -->
