<?xml version="1.0" encoding="UTF-8"?>
<!-- Generated by org.testng.reporters.JUnitReportReporter -->
<testsuite hostname="DESKTOP-GTEVIFT" failures="0" tests="1" name="interview_scenarios.Flipkart_pageTest" time="27.257" errors="0" timestamp="2023-10-11T12:22:40 IST" skipped="0">
  <testcase classname="interview_scenarios.Flipkart_pageTest" name="FetchPage" time="27.257"/>
</testsuite> <!-- interview_scenarios.Flipkart_pageTest -->
