<?xml version="1.0" encoding="UTF-8"?>
<!-- Generated by org.testng.reporters.JUnitReportReporter -->
<testsuite hostname="DESKTOP-GTEVIFT" failures="0" tests="1" name="popups_Practice.AuthenticationPopup" time="8.642" errors="0" timestamp="2023-11-21T16:58:54 IST" skipped="0">
  <testcase classname="popups_Practice.AuthenticationPopup" name="PopupWithExceptions" time="8.642">
    <system-out>
      <![CDATA[Login to the application sucessfully]]>
    </system-out>
  </testcase> <!-- PopupWithExceptions -->
  <system-out>
    <![CDATA[Login to the application sucessfully]]>
  </system-out>
</testsuite> <!-- popups_Practice.AuthenticationPopup -->
