<?xml version="1.0" encoding="UTF-8"?>
<!-- Generated by org.testng.reporters.JUnitReportReporter -->
<testsuite hostname="DESKTOP-GTEVIFT" failures="0" tests="1" name="popups_Practice.Alertpopup" time="13.616" errors="0" timestamp="2023-11-22T15:54:41 IST" skipped="0">
  <testcase classname="popups_Practice.Alertpopup" name="AcceptAlert" time="13.616">
    <system-out>
      <![CDATA[Alert is Accepted]]>
    </system-out>
  </testcase> <!-- AcceptAlert -->
  <system-out>
    <![CDATA[Alert is Accepted]]>
  </system-out>
</testsuite> <!-- popups_Practice.Alertpopup -->
