<?xml version="1.0" encoding="UTF-8"?>
<!-- Generated by org.testng.reporters.JUnitReportReporter -->
<testsuite hostname="DESKTOP-GTEVIFT" failures="0" tests="1" name="jupiterScripts.Scenario2" time="13.755" errors="0" timestamp="2023-10-10T11:16:53 IST" skipped="0">
  <testcase classname="jupiterScripts.Scenario2" name="scenario1" time="13.755"/>
</testsuite> <!-- jupiterScripts.Scenario2 -->
