<?xml version="1.0" encoding="UTF-8"?>
<!-- Generated by org.testng.reporters.JUnitReportReporter -->
<testsuite hostname="DESKTOP-GTEVIFT" failures="0" tests="1" name="autoSuggestions.Handling_AutoSuggestions" time="35.018" errors="0" timestamp="2023-11-24T11:34:36 IST" skipped="0">
  <testcase classname="autoSuggestions.Handling_AutoSuggestions" name="FetchallAutoSuggestions" time="35.018">
    <system-out>
      <![CDATA[input is given
All autosuggestions are fetched
Auto suggestions are handled]]>
    </system-out>
  </testcase> <!-- FetchallAutoSuggestions -->
  <system-out>
    <![CDATA[input is given
All autosuggestions are fetched
Auto suggestions are handled]]>
  </system-out>
</testsuite> <!-- autoSuggestions.Handling_AutoSuggestions -->
