<?xml version="1.0" encoding="UTF-8"?>
<!-- Generated by org.testng.reporters.JUnitReportReporter -->
<testsuite hostname="DESKTOP-GTEVIFT" failures="0" tests="1" name="popups_Practice.FileUploadPopups" time="30.338" errors="0" timestamp="2023-11-22T16:12:25 IST" skipped="0">
  <testcase classname="popups_Practice.FileUploadPopups" name="HandlingCalendarpopups" time="30.338">
    <system-out>
      <![CDATA[File is uploaded successfully
Test case is Passed]]>
    </system-out>
  </testcase> <!-- HandlingCalendarpopups -->
  <system-out>
    <![CDATA[File is uploaded successfully
Test case is Passed]]>
  </system-out>
</testsuite> <!-- popups_Practice.FileUploadPopups -->
