<?xml version="1.0" encoding="UTF-8"?>
<!-- Generated by org.testng.reporters.JUnitReportReporter -->
<testsuite hostname="DESKTOP-GTEVIFT" failures="0" tests="1" name="popups_Practice.AlertPopup_WithExceptions" time="23.629" errors="0" timestamp="2023-11-22T15:52:05 IST" skipped="0">
  <testcase classname="popups_Practice.AlertPopup_WithExceptions" name="AcceptAlert" time="23.629">
    <system-out>
      <![CDATA[Alert is Accepted]]>
    </system-out>
  </testcase> <!-- AcceptAlert -->
  <system-out>
    <![CDATA[Alert is Accepted]]>
  </system-out>
</testsuite> <!-- popups_Practice.AlertPopup_WithExceptions -->
