<?xml version="1.0" encoding="UTF-8"?>
<!-- Generated by org.testng.reporters.JUnitReportReporter -->
<testsuite hostname="DESKTOP-GTEVIFT" failures="0" tests="4" name="popups_Practice.AlertPopup1" time="182.478" errors="0" timestamp="2023-11-21T15:33:21 IST" skipped="0">
  <testcase classname="popups_Practice.AlertPopup1" name="AcceptAlert" time="32.820">
    <system-out>
      <![CDATA[Alert is Accepted]]>
    </system-out>
  </testcase> <!-- AcceptAlert -->
  <testcase classname="popups_Practice.AlertPopup1" name="FetchText" time="32.304">
    <system-out>
      <![CDATA[Alert Text is fetched]]>
    </system-out>
  </testcase> <!-- FetchText -->
  <testcase classname="popups_Practice.AlertPopup1" name="PassTextToAlert" time="68.401">
    <system-out>
      <![CDATA[AlertText is modified]]>
    </system-out>
  </testcase> <!-- PassTextToAlert -->
  <testcase classname="popups_Practice.AlertPopup1" name="Dismiss" time="48.953">
    <system-out>
      <![CDATA[Alert is cancelled
Testcase is passed]]>
    </system-out>
  </testcase> <!-- Dismiss -->
  <system-out>
    <![CDATA[Alert is Accepted
Alert Text is fetched
AlertText is modified
Alert is cancelled
Testcase is passed]]>
  </system-out>
</testsuite> <!-- popups_Practice.AlertPopup1 -->
