<?xml version="1.0" encoding="UTF-8"?>
<!-- Generated by org.testng.reporters.JUnitReportReporter -->
<testsuite hostname="DESKTOP-GTEVIFT" failures="0" tests="1" name="testScripts.DemoTest" time="12.479" errors="0" timestamp="2023-11-09T12:39:11 IST" skipped="0">
  <testcase classname="testScripts.DemoTest" name="TestScript" time="12.479"/>
</testsuite> <!-- testScripts.DemoTest -->
