<?xml version="1.0" encoding="UTF-8"?>
<!-- Generated by org.testng.reporters.JUnitReportReporter -->
<testsuite hostname="DESKTOP-GTEVIFT" failures="0" tests="1" name="popups_Practice.ChildBroswerPopups" time="28.904" errors="0" timestamp="2023-11-22T17:45:39 IST" skipped="0">
  <testcase classname="popups_Practice.ChildBroswerPopups" name="Handlingpopups" time="28.904">
    <system-out>
      <![CDATA[windowPopup  handled successfully
Test case is Passed]]>
    </system-out>
  </testcase> <!-- Handlingpopups -->
  <system-out>
    <![CDATA[windowPopup  handled successfully
Test case is Passed]]>
  </system-out>
</testsuite> <!-- popups_Practice.ChildBroswerPopups -->
