<?xml version="1.0" encoding="UTF-8"?>
<!-- Generated by org.testng.reporters.JUnitReportReporter -->
<testsuite hostname="DESKTOP-GTEVIFT" failures="0" tests="1" name="testScripts.AmazonTest" time="5.383" errors="0" timestamp="2023-10-09T15:11:48 IST" skipped="0">
  <testcase classname="testScripts.AmazonTest" name="Test1" time="5.383"/>
</testsuite> <!-- testScripts.AmazonTest -->
