<?xml version="1.0" encoding="UTF-8"?>
<!-- Generated by org.testng.reporters.JUnitReportReporter -->
<testsuite hostname="DESKTOP-GTEVIFT" failures="0" tests="1" name="jupiterScripts.Scenario3" time="11.278" errors="0" timestamp="2023-10-10T12:57:34 IST" skipped="0">
  <testcase classname="jupiterScripts.Scenario3" name="CartScenario" time="11.278"/>
</testsuite> <!-- jupiterScripts.Scenario3 -->
